[INFO] 17:53:10:185 lfs/(5566:5566): 

INICIANDO PROCESO LFS...
[INFO] 17:53:10:185 lfs/(5566:5566): Leyendo archivo de configuracion...
[INFO] 13:20:24:969 lfs/(32154:32154): 

INICIANDO PROCESO LFS...
[INFO] 13:20:24:969 lfs/(32154:32154): Leyendo archivo de configuracion...
[INFO] 15:33:51:457 lfs/(3513:3513): 

INICIANDO PROCESO LFS...
[INFO] 15:33:51:486 lfs/(3513:3513): Leyendo archivo de configuracion...
[INFO] 15:33:51:486 lfs/(3513:3513): 

PUERTO_ESCUCHA: 35124
PUNTO_MONTAJE: /home/utnso/workspace/tp-2019-1c-BEFGN/LISSANDRA_FS
RETARDO: 500
TAMAÑO_VALUE: 20
TIEMPO_DUMP: 5000


[INFO] 15:33:51:486 lfs/(3513:3513): Leyendo archivo Metadata.bin...
[INFO] 15:33:51:486 lfs/(3513:3513): Leyendo archivo Bitmap.bin...
[INFO] 15:33:51:486 lfs/(3513:3513): Asignado un socket al proceso LFS
[INFO] 15:33:51:486 lfs/(3513:3513): Esperando conexiones, listen()....
[INFO] 15:33:51:493 lfs/(3513:3513): Cargando Tablas persistidas...
[INFO] 15:34:00:874 lfs/(3513:3513): Operacion no valida por la API
[INFO] 15:39:47:264 lfs/(3513:3513): 
0.BIN persistido de tabla [t1]
[INFO] 15:40:15:691 lfs/(3513:3513): 
1.BIN persistido de tabla [t1]
[INFO] 15:46:54:542 lfs/(4121:4121): 

INICIANDO PROCESO LFS...
[INFO] 15:46:54:542 lfs/(4121:4121): Leyendo archivo de configuracion...
[INFO] 15:46:54:542 lfs/(4121:4121): 

PUERTO_ESCUCHA: 35124
PUNTO_MONTAJE: /home/utnso/workspace/tp-2019-1c-BEFGN/LISSANDRA_FS
RETARDO: 500
TAMAÑO_VALUE: 20
TIEMPO_DUMP: 5000


[INFO] 15:46:54:543 lfs/(4121:4121): Leyendo archivo Metadata.bin...
[INFO] 15:46:54:543 lfs/(4121:4121): Leyendo archivo Bitmap.bin...
[INFO] 15:46:54:543 lfs/(4121:4121): Asignado un socket al proceso LFS
[INFO] 15:46:54:543 lfs/(4121:4121): Esperando conexiones, listen()....
[INFO] 15:46:54:549 lfs/(4121:4121): Cargando Tablas persistidas...
[INFO] 15:47:02:947 lfs/(4121:4121): Operacion no valida por la API
[INFO] 15:47:14:872 lfs/(4121:4121): 
0.BIN persistido de tabla [t1]
[INFO] 15:47:14:874 lfs/(4121:4121): 
1.BIN persistido de tabla [t1]
