[INFO] 01:33:43:485 memoria/(17069:17069): Leyendo archivo de configuracion...
[INFO] 01:33:43:487 memoria/(17069:17069): LISSANDRA: Tamanio de VALUE = 60
[INFO] 01:33:43:487 memoria/(17069:17069): Handshake  con socket 3: DONE!
[INFO] 01:33:43:487 memoria/(17069:17069): Esperando Conexiones
[INFO] 01:33:43:487 memoria/(17069:17069): Asignado un socket al proceso LFS
[INFO] 01:33:43:487 memoria/(17069:17069): Esperando conexiones, listen()....
[INFO] 01:33:43:487 memoria/(17069:17069): El tamanio de un registro es de 66

[INFO] 01:33:43:487 memoria/(17069:17069): Cant max de marcos posibles 5

[INFO] 01:33:43:487 memoria/(17069:17074): No hay datos para poder hacer JOURNAL
[INFO] 01:33:47:30 memoria/(17069:17071): No se encontro en la tabla de SEGMENTOS
[INFO] 01:33:47:31 memoria/(17069:17071): Se guardo en MP, en tabla de PAGINAS y en tabla de SEGMENTOS
[INFO] 01:33:47:32 memoria/(17069:17071): La respuesta de la request SELECT POSTRES 1 -> RAFFA
[INFO] 01:33:47:32 memoria/(17069:17071): NOMBRE DE TABLA: 'POSTRES'

[INFO] 01:33:47:32 memoria/(17069:17071): NUMERO DE PAG 0, SU KEY ES 1 y su INDICE EN MEMORIA ES 0
, SU FLAG ES 0 y SU CANTIDAD SOLICITADO ES 0
[INFO] 01:33:49:388 memoria/(17069:17071): Esta en la tabla de SEGMENTOS
[INFO] 01:33:49:389 memoria/(17069:17071): No esta en la tabla de PAGINAS
[INFO] 01:33:49:389 memoria/(17069:17071): NOMBRE DE TABLA: 'POSTRES'

[INFO] 01:33:49:389 memoria/(17069:17071): NUMERO DE PAG 0, SU KEY ES 1 y su INDICE EN MEMORIA ES 0
, SU FLAG ES 0 y SU CANTIDAD SOLICITADO ES 0
[INFO] 01:33:49:389 memoria/(17069:17071): NUMERO DE PAG 1, SU KEY ES 2 y su INDICE EN MEMORIA ES 1
, SU FLAG ES 0 y SU CANTIDAD SOLICITADO ES 0
[INFO] 01:33:49:389 memoria/(17069:17071): RUFUS
[INFO] 01:33:49:389 memoria/(17069:17071): La respuesta de la request SELECT POSTRES 2 -> RUFUS
[INFO] 01:33:49:389 memoria/(17069:17071): NOMBRE DE TABLA: 'POSTRES'

[INFO] 01:33:49:389 memoria/(17069:17071): NUMERO DE PAG 0, SU KEY ES 1 y su INDICE EN MEMORIA ES 0
, SU FLAG ES 0 y SU CANTIDAD SOLICITADO ES 0
[INFO] 01:33:49:389 memoria/(17069:17071): NUMERO DE PAG 1, SU KEY ES 2 y su INDICE EN MEMORIA ES 1
, SU FLAG ES 0 y SU CANTIDAD SOLICITADO ES 0
[INFO] 01:33:51:652 memoria/(17069:17071): Esta en la tabla de SEGMENTOS
[INFO] 01:33:51:652 memoria/(17069:17071): No esta en la tabla de PAGINAS
[INFO] 01:33:51:654 memoria/(17069:17071): NOMBRE DE TABLA: 'POSTRES'

[INFO] 01:33:51:654 memoria/(17069:17071): NUMERO DE PAG 0, SU KEY ES 1 y su INDICE EN MEMORIA ES 0
, SU FLAG ES 0 y SU CANTIDAD SOLICITADO ES 0
[INFO] 01:33:51:654 memoria/(17069:17071): NUMERO DE PAG 1, SU KEY ES 2 y su INDICE EN MEMORIA ES 1
, SU FLAG ES 0 y SU CANTIDAD SOLICITADO ES 0
[INFO] 01:33:51:654 memoria/(17069:17071): NUMERO DE PAG 2, SU KEY ES 3 y su INDICE EN MEMORIA ES 2
, SU FLAG ES 0 y SU CANTIDAD SOLICITADO ES 0
[INFO] 01:33:51:654 memoria/(17069:17071): LULU
[INFO] 01:33:51:654 memoria/(17069:17071): La respuesta de la request SELECT POSTRES 3 -> LULU
[INFO] 01:33:51:654 memoria/(17069:17071): NOMBRE DE TABLA: 'POSTRES'

[INFO] 01:33:51:654 memoria/(17069:17071): NUMERO DE PAG 0, SU KEY ES 1 y su INDICE EN MEMORIA ES 0
, SU FLAG ES 0 y SU CANTIDAD SOLICITADO ES 0
[INFO] 01:33:51:654 memoria/(17069:17071): NUMERO DE PAG 1, SU KEY ES 2 y su INDICE EN MEMORIA ES 1
, SU FLAG ES 0 y SU CANTIDAD SOLICITADO ES 0
[INFO] 01:33:51:654 memoria/(17069:17071): NUMERO DE PAG 2, SU KEY ES 3 y su INDICE EN MEMORIA ES 2
, SU FLAG ES 0 y SU CANTIDAD SOLICITADO ES 0
[INFO] 01:33:53:683 memoria/(17069:17076): No tengo que conectarme a ninguna memoria
[INFO] 01:33:55:253 memoria/(17069:17071): Esta en la tabla de SEGMENTOS
[INFO] 01:33:55:254 memoria/(17069:17071): No esta en la tabla de PAGINAS
[INFO] 01:33:55:255 memoria/(17069:17071): NOMBRE DE TABLA: 'POSTRES'

[INFO] 01:33:55:255 memoria/(17069:17071): NUMERO DE PAG 0, SU KEY ES 1 y su INDICE EN MEMORIA ES 0
, SU FLAG ES 0 y SU CANTIDAD SOLICITADO ES 0
[INFO] 01:33:55:255 memoria/(17069:17071): NUMERO DE PAG 1, SU KEY ES 2 y su INDICE EN MEMORIA ES 1
, SU FLAG ES 0 y SU CANTIDAD SOLICITADO ES 0
[INFO] 01:33:55:255 memoria/(17069:17071): NUMERO DE PAG 2, SU KEY ES 3 y su INDICE EN MEMORIA ES 2
, SU FLAG ES 0 y SU CANTIDAD SOLICITADO ES 0
[INFO] 01:33:55:255 memoria/(17069:17071): NUMERO DE PAG 3, SU KEY ES 4 y su INDICE EN MEMORIA ES 3
, SU FLAG ES 0 y SU CANTIDAD SOLICITADO ES 0
[INFO] 01:33:55:256 memoria/(17069:17071): YANEL
[INFO] 01:33:55:256 memoria/(17069:17071): La respuesta de la request SELECT POSTRES 4 -> YANEL
[INFO] 01:33:55:256 memoria/(17069:17071): NOMBRE DE TABLA: 'POSTRES'

[INFO] 01:33:55:256 memoria/(17069:17071): NUMERO DE PAG 0, SU KEY ES 1 y su INDICE EN MEMORIA ES 0
, SU FLAG ES 0 y SU CANTIDAD SOLICITADO ES 0
[INFO] 01:33:55:256 memoria/(17069:17071): NUMERO DE PAG 1, SU KEY ES 2 y su INDICE EN MEMORIA ES 1
, SU FLAG ES 0 y SU CANTIDAD SOLICITADO ES 0
[INFO] 01:33:55:256 memoria/(17069:17071): NUMERO DE PAG 2, SU KEY ES 3 y su INDICE EN MEMORIA ES 2
, SU FLAG ES 0 y SU CANTIDAD SOLICITADO ES 0
[INFO] 01:33:55:256 memoria/(17069:17071): NUMERO DE PAG 3, SU KEY ES 4 y su INDICE EN MEMORIA ES 3
, SU FLAG ES 0 y SU CANTIDAD SOLICITADO ES 0
[INFO] 01:33:57:927 memoria/(17069:17071): Esta en la tabla de SEGMENTOS
[INFO] 01:33:57:927 memoria/(17069:17071): No esta en la tabla de PAGINAS
[INFO] 01:33:57:928 memoria/(17069:17071): NOMBRE DE TABLA: 'POSTRES'

[INFO] 01:33:57:928 memoria/(17069:17071): NUMERO DE PAG 0, SU KEY ES 1 y su INDICE EN MEMORIA ES 0
, SU FLAG ES 0 y SU CANTIDAD SOLICITADO ES 0
[INFO] 01:33:57:928 memoria/(17069:17071): NUMERO DE PAG 1, SU KEY ES 2 y su INDICE EN MEMORIA ES 1
, SU FLAG ES 0 y SU CANTIDAD SOLICITADO ES 0
[INFO] 01:33:57:928 memoria/(17069:17071): NUMERO DE PAG 2, SU KEY ES 3 y su INDICE EN MEMORIA ES 2
, SU FLAG ES 0 y SU CANTIDAD SOLICITADO ES 0
[INFO] 01:33:57:928 memoria/(17069:17071): NUMERO DE PAG 3, SU KEY ES 4 y su INDICE EN MEMORIA ES 3
, SU FLAG ES 0 y SU CANTIDAD SOLICITADO ES 0
[INFO] 01:33:57:929 memoria/(17069:17071): NUMERO DE PAG 4, SU KEY ES 5 y su INDICE EN MEMORIA ES 4
, SU FLAG ES 0 y SU CANTIDAD SOLICITADO ES 0
[INFO] 01:33:57:929 memoria/(17069:17071): ,NICA
[INFO] 01:33:57:929 memoria/(17069:17071): La respuesta de la request SELECT POSTRES 5 -> ,NICA
[INFO] 01:33:57:929 memoria/(17069:17071): NOMBRE DE TABLA: 'POSTRES'

[INFO] 01:33:57:929 memoria/(17069:17071): NUMERO DE PAG 0, SU KEY ES 1 y su INDICE EN MEMORIA ES 0
, SU FLAG ES 0 y SU CANTIDAD SOLICITADO ES 0
[INFO] 01:33:57:929 memoria/(17069:17071): NUMERO DE PAG 1, SU KEY ES 2 y su INDICE EN MEMORIA ES 1
, SU FLAG ES 0 y SU CANTIDAD SOLICITADO ES 0
[INFO] 01:33:57:929 memoria/(17069:17071): NUMERO DE PAG 2, SU KEY ES 3 y su INDICE EN MEMORIA ES 2
, SU FLAG ES 0 y SU CANTIDAD SOLICITADO ES 0
[INFO] 01:33:57:929 memoria/(17069:17071): NUMERO DE PAG 3, SU KEY ES 4 y su INDICE EN MEMORIA ES 3
, SU FLAG ES 0 y SU CANTIDAD SOLICITADO ES 0
[INFO] 01:33:57:929 memoria/(17069:17071): NUMERO DE PAG 4, SU KEY ES 5 y su INDICE EN MEMORIA ES 4
, SU FLAG ES 0 y SU CANTIDAD SOLICITADO ES 0
[INFO] 01:34:03:811 memoria/(17069:17079): No tengo que conectarme a ninguna memoria
[INFO] 01:34:08:561 memoria/(17069:17071): Esta en la tabla de SEGMENTOS
[INFO] 01:34:08:561 memoria/(17069:17071): No esta en la tabla de PAGINAS
[INFO] 01:34:08:561 memoria/(17069:17071): La PAGINA que voy a reemplazar es la nro 0 del SEGMENTO 'POSTRES' 

[INFO] 01:34:08:561 memoria/(17069:17071): Se guardo en la tabla de PAGINAS y en la MEMORIA
[INFO] 01:34:08:561 memoria/(17069:17071): NOMBRE DE TABLA: 'POSTRES'

[INFO] 01:34:08:561 memoria/(17069:17071): NUMERO DE PAG 1, SU KEY ES 2 y su INDICE EN MEMORIA ES 1
, SU FLAG ES 0 y SU CANTIDAD SOLICITADO ES 0
[INFO] 01:34:08:561 memoria/(17069:17071): NUMERO DE PAG 2, SU KEY ES 3 y su INDICE EN MEMORIA ES 2
, SU FLAG ES 0 y SU CANTIDAD SOLICITADO ES 0
[INFO] 01:34:08:561 memoria/(17069:17071): NUMERO DE PAG 3, SU KEY ES 4 y su INDICE EN MEMORIA ES 3
, SU FLAG ES 0 y SU CANTIDAD SOLICITADO ES 0
[INFO] 01:34:08:561 memoria/(17069:17071): NUMERO DE PAG 4, SU KEY ES 5 y su INDICE EN MEMORIA ES 4
, SU FLAG ES 0 y SU CANTIDAD SOLICITADO ES 0
[INFO] 01:34:08:561 memoria/(17069:17071): NUMERO DE PAG 5, SU KEY ES 999 y su INDICE EN MEMORIA ES 0
, SU FLAG ES 1 y SU CANTIDAD SOLICITADO ES 0
[INFO] 01:34:08:561 memoria/(17069:17071): Se guardo correctamente
[INFO] 01:34:08:563 memoria/(17069:17071): NOMBRE DE TABLA: 'POSTRES'

[INFO] 01:34:08:563 memoria/(17069:17071): NUMERO DE PAG 1, SU KEY ES 2 y su INDICE EN MEMORIA ES 1
, SU FLAG ES 0 y SU CANTIDAD SOLICITADO ES 0
[INFO] 01:34:08:563 memoria/(17069:17071): NUMERO DE PAG 2, SU KEY ES 3 y su INDICE EN MEMORIA ES 2
, SU FLAG ES 0 y SU CANTIDAD SOLICITADO ES 0
[INFO] 01:34:08:563 memoria/(17069:17071): NUMERO DE PAG 3, SU KEY ES 4 y su INDICE EN MEMORIA ES 3
, SU FLAG ES 0 y SU CANTIDAD SOLICITADO ES 0
[INFO] 01:34:08:563 memoria/(17069:17071): NUMERO DE PAG 4, SU KEY ES 5 y su INDICE EN MEMORIA ES 4
, SU FLAG ES 0 y SU CANTIDAD SOLICITADO ES 0
[INFO] 01:34:08:563 memoria/(17069:17071): NUMERO DE PAG 5, SU KEY ES 999 y su INDICE EN MEMORIA ES 0
, SU FLAG ES 1 y SU CANTIDAD SOLICITADO ES 0
[INFO] 01:34:13:921 memoria/(17069:17081): No tengo que conectarme a ninguna memoria
[INFO] 01:34:16:697 memoria/(17069:17071): Esta en la tabla de SEGMENTOS
[INFO] 01:34:16:697 memoria/(17069:17071): No esta en la tabla de PAGINAS
[INFO] 01:34:16:697 memoria/(17069:17071): La PAGINA que voy a reemplazar es la nro 1 del SEGMENTO 'POSTRES' 

[INFO] 01:34:16:699 memoria/(17069:17071): NOMBRE DE TABLA: 'POSTRES'

[INFO] 01:34:16:699 memoria/(17069:17071): NUMERO DE PAG 2, SU KEY ES 3 y su INDICE EN MEMORIA ES 2
, SU FLAG ES 0 y SU CANTIDAD SOLICITADO ES 0
[INFO] 01:34:16:699 memoria/(17069:17071): NUMERO DE PAG 3, SU KEY ES 4 y su INDICE EN MEMORIA ES 3
, SU FLAG ES 0 y SU CANTIDAD SOLICITADO ES 0
[INFO] 01:34:16:699 memoria/(17069:17071): NUMERO DE PAG 4, SU KEY ES 5 y su INDICE EN MEMORIA ES 4
, SU FLAG ES 0 y SU CANTIDAD SOLICITADO ES 0
[INFO] 01:34:16:699 memoria/(17069:17071): NUMERO DE PAG 5, SU KEY ES 999 y su INDICE EN MEMORIA ES 0
, SU FLAG ES 1 y SU CANTIDAD SOLICITADO ES 0
[INFO] 01:34:16:699 memoria/(17069:17071): NUMERO DE PAG 6, SU KEY ES 1 y su INDICE EN MEMORIA ES 1
, SU FLAG ES 0 y SU CANTIDAD SOLICITADO ES 0
[INFO] 01:34:16:699 memoria/(17069:17071): RAFFA
[INFO] 01:34:16:699 memoria/(17069:17071): La respuesta de la request SELECT POSTRES 1 -> RAFFA
[INFO] 01:34:16:699 memoria/(17069:17071): NOMBRE DE TABLA: 'POSTRES'

[INFO] 01:34:16:699 memoria/(17069:17071): NUMERO DE PAG 2, SU KEY ES 3 y su INDICE EN MEMORIA ES 2
, SU FLAG ES 0 y SU CANTIDAD SOLICITADO ES 0
[INFO] 01:34:16:699 memoria/(17069:17071): NUMERO DE PAG 3, SU KEY ES 4 y su INDICE EN MEMORIA ES 3
, SU FLAG ES 0 y SU CANTIDAD SOLICITADO ES 0
[INFO] 01:34:16:699 memoria/(17069:17071): NUMERO DE PAG 4, SU KEY ES 5 y su INDICE EN MEMORIA ES 4
, SU FLAG ES 0 y SU CANTIDAD SOLICITADO ES 0
[INFO] 01:34:16:699 memoria/(17069:17071): NUMERO DE PAG 5, SU KEY ES 999 y su INDICE EN MEMORIA ES 0
, SU FLAG ES 1 y SU CANTIDAD SOLICITADO ES 0
[INFO] 01:34:16:699 memoria/(17069:17071): NUMERO DE PAG 6, SU KEY ES 1 y su INDICE EN MEMORIA ES 1
, SU FLAG ES 0 y SU CANTIDAD SOLICITADO ES 0
[INFO] 01:34:23:300 memoria/(17069:17071): Esta en la tabla de SEGMENTOS
[INFO] 01:34:23:301 memoria/(17069:17071): No esta en la tabla de PAGINAS
[INFO] 01:34:23:301 memoria/(17069:17071): La PAGINA que voy a reemplazar es la nro 2 del SEGMENTO 'POSTRES' 

[INFO] 01:34:23:302 memoria/(17069:17071): NOMBRE DE TABLA: 'POSTRES'

[INFO] 01:34:23:302 memoria/(17069:17071): NUMERO DE PAG 3, SU KEY ES 4 y su INDICE EN MEMORIA ES 3
, SU FLAG ES 0 y SU CANTIDAD SOLICITADO ES 0
[INFO] 01:34:23:302 memoria/(17069:17071): NUMERO DE PAG 4, SU KEY ES 5 y su INDICE EN MEMORIA ES 4
, SU FLAG ES 0 y SU CANTIDAD SOLICITADO ES 0
[INFO] 01:34:23:302 memoria/(17069:17071): NUMERO DE PAG 5, SU KEY ES 999 y su INDICE EN MEMORIA ES 0
, SU FLAG ES 1 y SU CANTIDAD SOLICITADO ES 0
[INFO] 01:34:23:302 memoria/(17069:17071): NUMERO DE PAG 6, SU KEY ES 1 y su INDICE EN MEMORIA ES 1
, SU FLAG ES 0 y SU CANTIDAD SOLICITADO ES 0
[INFO] 01:34:23:303 memoria/(17069:17071): NUMERO DE PAG 7, SU KEY ES 2 y su INDICE EN MEMORIA ES 2
, SU FLAG ES 0 y SU CANTIDAD SOLICITADO ES 0
[INFO] 01:34:23:303 memoria/(17069:17071): RUFUS
[INFO] 01:34:23:303 memoria/(17069:17071): La respuesta de la request SELECT POSTRES 2 -> RUFUS
[INFO] 01:34:23:303 memoria/(17069:17071): NOMBRE DE TABLA: 'POSTRES'

[INFO] 01:34:23:303 memoria/(17069:17071): NUMERO DE PAG 3, SU KEY ES 4 y su INDICE EN MEMORIA ES 3
, SU FLAG ES 0 y SU CANTIDAD SOLICITADO ES 0
[INFO] 01:34:23:303 memoria/(17069:17071): NUMERO DE PAG 4, SU KEY ES 5 y su INDICE EN MEMORIA ES 4
, SU FLAG ES 0 y SU CANTIDAD SOLICITADO ES 0
[INFO] 01:34:23:303 memoria/(17069:17071): NUMERO DE PAG 5, SU KEY ES 999 y su INDICE EN MEMORIA ES 0
, SU FLAG ES 1 y SU CANTIDAD SOLICITADO ES 0
[INFO] 01:34:23:303 memoria/(17069:17071): NUMERO DE PAG 6, SU KEY ES 1 y su INDICE EN MEMORIA ES 1
, SU FLAG ES 0 y SU CANTIDAD SOLICITADO ES 0
[INFO] 01:34:23:303 memoria/(17069:17071): NUMERO DE PAG 7, SU KEY ES 2 y su INDICE EN MEMORIA ES 2
, SU FLAG ES 0 y SU CANTIDAD SOLICITADO ES 0
[INFO] 01:34:24:50 memoria/(17069:17082): No tengo que conectarme a ninguna memoria
[INFO] 01:34:28:22 memoria/(17069:17071): Esta en la tabla de SEGMENTOS
[INFO] 01:34:28:23 memoria/(17069:17071): Cantidad veces solicitado 1

[INFO] 01:34:28:23 memoria/(17069:17071): Esta en la tabla de PAGINAS
[INFO] 01:34:28:23 memoria/(17069:17071): RUFUS
[INFO] 01:34:28:23 memoria/(17069:17071): La respuesta de la request SELECT POSTRES 2 -> RUFUS
[INFO] 01:34:28:23 memoria/(17069:17071): NOMBRE DE TABLA: 'POSTRES'

[INFO] 01:34:28:23 memoria/(17069:17071): NUMERO DE PAG 3, SU KEY ES 4 y su INDICE EN MEMORIA ES 3
, SU FLAG ES 0 y SU CANTIDAD SOLICITADO ES 0
[INFO] 01:34:28:23 memoria/(17069:17071): NUMERO DE PAG 4, SU KEY ES 5 y su INDICE EN MEMORIA ES 4
, SU FLAG ES 0 y SU CANTIDAD SOLICITADO ES 0
[INFO] 01:34:28:23 memoria/(17069:17071): NUMERO DE PAG 5, SU KEY ES 999 y su INDICE EN MEMORIA ES 0
, SU FLAG ES 1 y SU CANTIDAD SOLICITADO ES 0
[INFO] 01:34:28:23 memoria/(17069:17071): NUMERO DE PAG 6, SU KEY ES 1 y su INDICE EN MEMORIA ES 1
, SU FLAG ES 0 y SU CANTIDAD SOLICITADO ES 0
[INFO] 01:34:28:23 memoria/(17069:17071): NUMERO DE PAG 7, SU KEY ES 2 y su INDICE EN MEMORIA ES 2
, SU FLAG ES 0 y SU CANTIDAD SOLICITADO ES 1
[INFO] 01:34:34:166 memoria/(17069:17088): No tengo que conectarme a ninguna memoria
[ERROR] 01:34:35:62 memoria/(17069:17071): No se reconoce el comando.
[INFO] 01:34:38:425 memoria/(17069:17071): Esta en la tabla de SEGMENTOS
[INFO] 01:34:38:425 memoria/(17069:17071): Cantidad veces solicitado 2

[INFO] 01:34:38:425 memoria/(17069:17071): Esta en la tabla de PAGINAS
[INFO] 01:34:38:425 memoria/(17069:17071): RUFUS
[INFO] 01:34:38:425 memoria/(17069:17071): La respuesta de la request SELECT POSTRES 2 -> RUFUS
[INFO] 01:34:38:426 memoria/(17069:17071): NOMBRE DE TABLA: 'POSTRES'

[INFO] 01:34:38:426 memoria/(17069:17071): NUMERO DE PAG 3, SU KEY ES 4 y su INDICE EN MEMORIA ES 3
, SU FLAG ES 0 y SU CANTIDAD SOLICITADO ES 0
[INFO] 01:34:38:426 memoria/(17069:17071): NUMERO DE PAG 4, SU KEY ES 5 y su INDICE EN MEMORIA ES 4
, SU FLAG ES 0 y SU CANTIDAD SOLICITADO ES 0
[INFO] 01:34:38:426 memoria/(17069:17071): NUMERO DE PAG 5, SU KEY ES 999 y su INDICE EN MEMORIA ES 0
, SU FLAG ES 1 y SU CANTIDAD SOLICITADO ES 0
[INFO] 01:34:38:426 memoria/(17069:17071): NUMERO DE PAG 6, SU KEY ES 1 y su INDICE EN MEMORIA ES 1
, SU FLAG ES 0 y SU CANTIDAD SOLICITADO ES 0
[INFO] 01:34:38:426 memoria/(17069:17071): NUMERO DE PAG 7, SU KEY ES 2 y su INDICE EN MEMORIA ES 2
, SU FLAG ES 0 y SU CANTIDAD SOLICITADO ES 2
[INFO] 01:34:41:253 memoria/(17069:17071): Esta en la tabla de SEGMENTOS
[INFO] 01:34:41:254 memoria/(17069:17071): No esta en la tabla de PAGINAS
[INFO] 01:34:41:254 memoria/(17069:17071): La PAGINA que voy a reemplazar es la nro 3 del SEGMENTO 'POSTRES' 

[INFO] 01:34:41:255 memoria/(17069:17071): NOMBRE DE TABLA: 'POSTRES'

[INFO] 01:34:41:255 memoria/(17069:17071): NUMERO DE PAG 4, SU KEY ES 5 y su INDICE EN MEMORIA ES 4
, SU FLAG ES 0 y SU CANTIDAD SOLICITADO ES 0
[INFO] 01:34:41:255 memoria/(17069:17071): NUMERO DE PAG 5, SU KEY ES 999 y su INDICE EN MEMORIA ES 0
, SU FLAG ES 1 y SU CANTIDAD SOLICITADO ES 0
[INFO] 01:34:41:255 memoria/(17069:17071): NUMERO DE PAG 6, SU KEY ES 1 y su INDICE EN MEMORIA ES 1
, SU FLAG ES 0 y SU CANTIDAD SOLICITADO ES 0
[INFO] 01:34:41:255 memoria/(17069:17071): NUMERO DE PAG 7, SU KEY ES 2 y su INDICE EN MEMORIA ES 2
, SU FLAG ES 0 y SU CANTIDAD SOLICITADO ES 2
[INFO] 01:34:41:255 memoria/(17069:17071): NUMERO DE PAG 8, SU KEY ES 3 y su INDICE EN MEMORIA ES 3
, SU FLAG ES 0 y SU CANTIDAD SOLICITADO ES 0
[INFO] 01:34:41:256 memoria/(17069:17071): LULU
[INFO] 01:34:41:256 memoria/(17069:17071): La respuesta de la request SELECT POSTRES 3 -> LULU
[INFO] 01:34:41:256 memoria/(17069:17071): NOMBRE DE TABLA: 'POSTRES'

[INFO] 01:34:41:256 memoria/(17069:17071): NUMERO DE PAG 4, SU KEY ES 5 y su INDICE EN MEMORIA ES 4
, SU FLAG ES 0 y SU CANTIDAD SOLICITADO ES 0
[INFO] 01:34:41:256 memoria/(17069:17071): NUMERO DE PAG 5, SU KEY ES 999 y su INDICE EN MEMORIA ES 0
, SU FLAG ES 1 y SU CANTIDAD SOLICITADO ES 0
[INFO] 01:34:41:256 memoria/(17069:17071): NUMERO DE PAG 6, SU KEY ES 1 y su INDICE EN MEMORIA ES 1
, SU FLAG ES 0 y SU CANTIDAD SOLICITADO ES 0
[INFO] 01:34:41:256 memoria/(17069:17071): NUMERO DE PAG 7, SU KEY ES 2 y su INDICE EN MEMORIA ES 2
, SU FLAG ES 0 y SU CANTIDAD SOLICITADO ES 2
[INFO] 01:34:41:256 memoria/(17069:17071): NUMERO DE PAG 8, SU KEY ES 3 y su INDICE EN MEMORIA ES 3
, SU FLAG ES 0 y SU CANTIDAD SOLICITADO ES 0
[INFO] 01:34:44:298 memoria/(17069:17089): No tengo que conectarme a ninguna memoria
[INFO] 01:34:54:502 memoria/(17069:17090): No tengo que conectarme a ninguna memoria
[INFO] 01:34:56:155 memoria/(17069:17071): Esta en la tabla de SEGMENTOS
[INFO] 01:34:56:155 memoria/(17069:17071): Cantidad veces solicitado 3

[INFO] 01:34:56:155 memoria/(17069:17071): Esta en la tabla de PAGINAS
[INFO] 01:34:56:155 memoria/(17069:17071): RUFUS
[INFO] 01:34:56:155 memoria/(17069:17071): La respuesta de la request SELECT POSTRES 2 -> RUFUS
[INFO] 01:34:56:156 memoria/(17069:17071): NOMBRE DE TABLA: 'POSTRES'

[INFO] 01:34:56:156 memoria/(17069:17071): NUMERO DE PAG 4, SU KEY ES 5 y su INDICE EN MEMORIA ES 4
, SU FLAG ES 0 y SU CANTIDAD SOLICITADO ES 0
[INFO] 01:34:56:156 memoria/(17069:17071): NUMERO DE PAG 5, SU KEY ES 999 y su INDICE EN MEMORIA ES 0
, SU FLAG ES 1 y SU CANTIDAD SOLICITADO ES 0
[INFO] 01:34:56:156 memoria/(17069:17071): NUMERO DE PAG 6, SU KEY ES 1 y su INDICE EN MEMORIA ES 1
, SU FLAG ES 0 y SU CANTIDAD SOLICITADO ES 0
[INFO] 01:34:56:156 memoria/(17069:17071): NUMERO DE PAG 7, SU KEY ES 2 y su INDICE EN MEMORIA ES 2
, SU FLAG ES 0 y SU CANTIDAD SOLICITADO ES 3
[INFO] 01:34:56:156 memoria/(17069:17071): NUMERO DE PAG 8, SU KEY ES 3 y su INDICE EN MEMORIA ES 3
, SU FLAG ES 0 y SU CANTIDAD SOLICITADO ES 0
[ERROR] 01:35:00:413 memoria/(17069:17071): No se reconoce el comando.
[INFO] 01:35:04:625 memoria/(17069:17093): No tengo que conectarme a ninguna memoria
[INFO] 01:35:07:393 memoria/(17069:17071): Esta en la tabla de SEGMENTOS
[INFO] 01:35:07:393 memoria/(17069:17071): Cantidad veces solicitado 1

[INFO] 01:35:07:393 memoria/(17069:17071): Esta en la tabla de PAGINAS
[INFO] 01:35:07:393 memoria/(17069:17071): ,NICA
[INFO] 01:35:07:393 memoria/(17069:17071): La respuesta de la request SELECT POSTRES 5 -> ,NICA
[INFO] 01:35:07:393 memoria/(17069:17071): NOMBRE DE TABLA: 'POSTRES'

[INFO] 01:35:07:393 memoria/(17069:17071): NUMERO DE PAG 4, SU KEY ES 5 y su INDICE EN MEMORIA ES 4
, SU FLAG ES 0 y SU CANTIDAD SOLICITADO ES 1
[INFO] 01:35:07:394 memoria/(17069:17071): NUMERO DE PAG 5, SU KEY ES 999 y su INDICE EN MEMORIA ES 0
, SU FLAG ES 1 y SU CANTIDAD SOLICITADO ES 0
[INFO] 01:35:07:394 memoria/(17069:17071): NUMERO DE PAG 6, SU KEY ES 1 y su INDICE EN MEMORIA ES 1
, SU FLAG ES 0 y SU CANTIDAD SOLICITADO ES 0
[INFO] 01:35:07:394 memoria/(17069:17071): NUMERO DE PAG 7, SU KEY ES 2 y su INDICE EN MEMORIA ES 2
, SU FLAG ES 0 y SU CANTIDAD SOLICITADO ES 3
[INFO] 01:35:07:394 memoria/(17069:17071): NUMERO DE PAG 8, SU KEY ES 3 y su INDICE EN MEMORIA ES 3
, SU FLAG ES 0 y SU CANTIDAD SOLICITADO ES 0
[INFO] 01:35:13:249 memoria/(17069:17071): Esta en la tabla de SEGMENTOS
[INFO] 01:35:13:249 memoria/(17069:17071): Cantidad veces solicitado 2

[INFO] 01:35:13:249 memoria/(17069:17071): Esta en la tabla de PAGINAS
[INFO] 01:35:13:249 memoria/(17069:17071): ,NICA
[INFO] 01:35:13:249 memoria/(17069:17071): La respuesta de la request SELECT POSTRES 5 -> ,NICA
[INFO] 01:35:13:249 memoria/(17069:17071): NOMBRE DE TABLA: 'POSTRES'

[INFO] 01:35:13:249 memoria/(17069:17071): NUMERO DE PAG 4, SU KEY ES 5 y su INDICE EN MEMORIA ES 4
, SU FLAG ES 0 y SU CANTIDAD SOLICITADO ES 2
[INFO] 01:35:13:249 memoria/(17069:17071): NUMERO DE PAG 5, SU KEY ES 999 y su INDICE EN MEMORIA ES 0
, SU FLAG ES 1 y SU CANTIDAD SOLICITADO ES 0
[INFO] 01:35:13:249 memoria/(17069:17071): NUMERO DE PAG 6, SU KEY ES 1 y su INDICE EN MEMORIA ES 1
, SU FLAG ES 0 y SU CANTIDAD SOLICITADO ES 0
[INFO] 01:35:13:249 memoria/(17069:17071): NUMERO DE PAG 7, SU KEY ES 2 y su INDICE EN MEMORIA ES 2
, SU FLAG ES 0 y SU CANTIDAD SOLICITADO ES 3
[INFO] 01:35:13:249 memoria/(17069:17071): NUMERO DE PAG 8, SU KEY ES 3 y su INDICE EN MEMORIA ES 3
, SU FLAG ES 0 y SU CANTIDAD SOLICITADO ES 0
[INFO] 01:35:14:754 memoria/(17069:17094): No tengo que conectarme a ninguna memoria
[INFO] 01:35:24:823 memoria/(17069:17095): No tengo que conectarme a ninguna memoria
[INFO] 01:35:34:905 memoria/(17069:17101): No tengo que conectarme a ninguna memoria
[INFO] 01:35:45:59 memoria/(17069:17102): No tengo que conectarme a ninguna memoria
[INFO] 01:35:52:715 memoria/(17069:17071): Esta en la tabla de SEGMENTOS
[INFO] 01:35:52:716 memoria/(17069:17071): No esta en la tabla de PAGINAS
[INFO] 01:35:52:716 memoria/(17069:17071): La PAGINA que voy a reemplazar es la nro 6 del SEGMENTO 'POSTRES' 

[INFO] 01:35:52:716 memoria/(17069:17071): Se guardo en la tabla de PAGINAS y en la MEMORIA
[INFO] 01:35:52:716 memoria/(17069:17071): NOMBRE DE TABLA: 'POSTRES'

[INFO] 01:35:52:716 memoria/(17069:17071): NUMERO DE PAG 4, SU KEY ES 5 y su INDICE EN MEMORIA ES 4
, SU FLAG ES 0 y SU CANTIDAD SOLICITADO ES 2
[INFO] 01:35:52:716 memoria/(17069:17071): NUMERO DE PAG 5, SU KEY ES 999 y su INDICE EN MEMORIA ES 0
, SU FLAG ES 1 y SU CANTIDAD SOLICITADO ES 0
[INFO] 01:35:52:716 memoria/(17069:17071): NUMERO DE PAG 7, SU KEY ES 2 y su INDICE EN MEMORIA ES 2
, SU FLAG ES 0 y SU CANTIDAD SOLICITADO ES 3
[INFO] 01:35:52:716 memoria/(17069:17071): NUMERO DE PAG 8, SU KEY ES 3 y su INDICE EN MEMORIA ES 3
, SU FLAG ES 0 y SU CANTIDAD SOLICITADO ES 0
[INFO] 01:35:52:716 memoria/(17069:17071): NUMERO DE PAG 9, SU KEY ES 123 y su INDICE EN MEMORIA ES 1
, SU FLAG ES 1 y SU CANTIDAD SOLICITADO ES 0
[INFO] 01:35:52:716 memoria/(17069:17071): Se guardo correctamente
[INFO] 01:35:52:717 memoria/(17069:17071): NOMBRE DE TABLA: 'POSTRES'

[INFO] 01:35:52:717 memoria/(17069:17071): NUMERO DE PAG 4, SU KEY ES 5 y su INDICE EN MEMORIA ES 4
, SU FLAG ES 0 y SU CANTIDAD SOLICITADO ES 2
[INFO] 01:35:52:717 memoria/(17069:17071): NUMERO DE PAG 5, SU KEY ES 999 y su INDICE EN MEMORIA ES 0
, SU FLAG ES 1 y SU CANTIDAD SOLICITADO ES 0
[INFO] 01:35:52:717 memoria/(17069:17071): NUMERO DE PAG 7, SU KEY ES 2 y su INDICE EN MEMORIA ES 2
, SU FLAG ES 0 y SU CANTIDAD SOLICITADO ES 3
[INFO] 01:35:52:717 memoria/(17069:17071): NUMERO DE PAG 8, SU KEY ES 3 y su INDICE EN MEMORIA ES 3
, SU FLAG ES 0 y SU CANTIDAD SOLICITADO ES 0
[INFO] 01:35:52:717 memoria/(17069:17071): NUMERO DE PAG 9, SU KEY ES 123 y su INDICE EN MEMORIA ES 1
, SU FLAG ES 1 y SU CANTIDAD SOLICITADO ES 0
[INFO] 01:35:55:193 memoria/(17069:17104): No tengo que conectarme a ninguna memoria
[INFO] 01:35:58:830 memoria/(17069:17071): Esta en la tabla de SEGMENTOS
[INFO] 01:35:58:830 memoria/(17069:17071): No esta en la tabla de PAGINAS
[INFO] 01:35:58:830 memoria/(17069:17071): La PAGINA que voy a reemplazar es la nro 8 del SEGMENTO 'POSTRES' 

[INFO] 01:35:58:830 memoria/(17069:17071): Se guardo en la tabla de PAGINAS y en la MEMORIA
[INFO] 01:35:58:830 memoria/(17069:17071): NOMBRE DE TABLA: 'POSTRES'

[INFO] 01:35:58:830 memoria/(17069:17071): NUMERO DE PAG 4, SU KEY ES 5 y su INDICE EN MEMORIA ES 4
, SU FLAG ES 0 y SU CANTIDAD SOLICITADO ES 2
[INFO] 01:35:58:830 memoria/(17069:17071): NUMERO DE PAG 5, SU KEY ES 999 y su INDICE EN MEMORIA ES 0
, SU FLAG ES 1 y SU CANTIDAD SOLICITADO ES 0
[INFO] 01:35:58:830 memoria/(17069:17071): NUMERO DE PAG 7, SU KEY ES 2 y su INDICE EN MEMORIA ES 2
, SU FLAG ES 0 y SU CANTIDAD SOLICITADO ES 3
[INFO] 01:35:58:830 memoria/(17069:17071): NUMERO DE PAG 9, SU KEY ES 123 y su INDICE EN MEMORIA ES 1
, SU FLAG ES 1 y SU CANTIDAD SOLICITADO ES 0
[INFO] 01:35:58:830 memoria/(17069:17071): NUMERO DE PAG 10, SU KEY ES 124 y su INDICE EN MEMORIA ES 3
, SU FLAG ES 1 y SU CANTIDAD SOLICITADO ES 0
[INFO] 01:35:58:830 memoria/(17069:17071): Se guardo correctamente
[INFO] 01:35:58:832 memoria/(17069:17071): NOMBRE DE TABLA: 'POSTRES'

[INFO] 01:35:58:832 memoria/(17069:17071): NUMERO DE PAG 4, SU KEY ES 5 y su INDICE EN MEMORIA ES 4
, SU FLAG ES 0 y SU CANTIDAD SOLICITADO ES 2
[INFO] 01:35:58:832 memoria/(17069:17071): NUMERO DE PAG 5, SU KEY ES 999 y su INDICE EN MEMORIA ES 0
, SU FLAG ES 1 y SU CANTIDAD SOLICITADO ES 0
[INFO] 01:35:58:832 memoria/(17069:17071): NUMERO DE PAG 7, SU KEY ES 2 y su INDICE EN MEMORIA ES 2
, SU FLAG ES 0 y SU CANTIDAD SOLICITADO ES 3
[INFO] 01:35:58:832 memoria/(17069:17071): NUMERO DE PAG 9, SU KEY ES 123 y su INDICE EN MEMORIA ES 1
, SU FLAG ES 1 y SU CANTIDAD SOLICITADO ES 0
[INFO] 01:35:58:832 memoria/(17069:17071): NUMERO DE PAG 10, SU KEY ES 124 y su INDICE EN MEMORIA ES 3
, SU FLAG ES 1 y SU CANTIDAD SOLICITADO ES 0
[INFO] 01:36:05:319 memoria/(17069:17107): No tengo que conectarme a ninguna memoria
[INFO] 01:36:10:758 memoria/(17069:17071): Esta en la tabla de SEGMENTOS
[INFO] 01:36:10:758 memoria/(17069:17071): No esta en la tabla de PAGINAS
[INFO] 01:36:10:758 memoria/(17069:17071): La PAGINA que voy a reemplazar es la nro 4 del SEGMENTO 'POSTRES' 

[INFO] 01:36:10:758 memoria/(17069:17071): Se guardo en la tabla de PAGINAS y en la MEMORIA
[INFO] 01:36:10:758 memoria/(17069:17071): NOMBRE DE TABLA: 'POSTRES'

[INFO] 01:36:10:758 memoria/(17069:17071): NUMERO DE PAG 5, SU KEY ES 999 y su INDICE EN MEMORIA ES 0
, SU FLAG ES 1 y SU CANTIDAD SOLICITADO ES 0
[INFO] 01:36:10:758 memoria/(17069:17071): NUMERO DE PAG 7, SU KEY ES 2 y su INDICE EN MEMORIA ES 2
, SU FLAG ES 0 y SU CANTIDAD SOLICITADO ES 3
[INFO] 01:36:10:758 memoria/(17069:17071): NUMERO DE PAG 9, SU KEY ES 123 y su INDICE EN MEMORIA ES 1
, SU FLAG ES 1 y SU CANTIDAD SOLICITADO ES 0
[INFO] 01:36:10:758 memoria/(17069:17071): NUMERO DE PAG 10, SU KEY ES 124 y su INDICE EN MEMORIA ES 3
, SU FLAG ES 1 y SU CANTIDAD SOLICITADO ES 0
[INFO] 01:36:10:758 memoria/(17069:17071): NUMERO DE PAG 11, SU KEY ES 125 y su INDICE EN MEMORIA ES 4
, SU FLAG ES 1 y SU CANTIDAD SOLICITADO ES 0
[INFO] 01:36:10:758 memoria/(17069:17071): Se guardo correctamente
[INFO] 01:36:10:759 memoria/(17069:17071): NOMBRE DE TABLA: 'POSTRES'

[INFO] 01:36:10:759 memoria/(17069:17071): NUMERO DE PAG 5, SU KEY ES 999 y su INDICE EN MEMORIA ES 0
, SU FLAG ES 1 y SU CANTIDAD SOLICITADO ES 0
[INFO] 01:36:10:759 memoria/(17069:17071): NUMERO DE PAG 7, SU KEY ES 2 y su INDICE EN MEMORIA ES 2
, SU FLAG ES 0 y SU CANTIDAD SOLICITADO ES 3
[INFO] 01:36:10:759 memoria/(17069:17071): NUMERO DE PAG 9, SU KEY ES 123 y su INDICE EN MEMORIA ES 1
, SU FLAG ES 1 y SU CANTIDAD SOLICITADO ES 0
[INFO] 01:36:10:759 memoria/(17069:17071): NUMERO DE PAG 10, SU KEY ES 124 y su INDICE EN MEMORIA ES 3
, SU FLAG ES 1 y SU CANTIDAD SOLICITADO ES 0
[INFO] 01:36:10:759 memoria/(17069:17071): NUMERO DE PAG 11, SU KEY ES 125 y su INDICE EN MEMORIA ES 4
, SU FLAG ES 1 y SU CANTIDAD SOLICITADO ES 0
[INFO] 01:36:15:421 memoria/(17069:17108): No tengo que conectarme a ninguna memoria
[INFO] 01:36:22:902 memoria/(17069:17071): Esta en la tabla de SEGMENTOS
[INFO] 01:36:22:902 memoria/(17069:17071): No esta en la tabla de PAGINAS
[INFO] 01:36:22:902 memoria/(17069:17071): La PAGINA que voy a reemplazar es la nro 7 del SEGMENTO 'POSTRES' 

[INFO] 01:36:22:902 memoria/(17069:17071): Se guardo en la tabla de PAGINAS y en la MEMORIA
[INFO] 01:36:22:902 memoria/(17069:17071): NOMBRE DE TABLA: 'POSTRES'

[INFO] 01:36:22:902 memoria/(17069:17071): NUMERO DE PAG 5, SU KEY ES 999 y su INDICE EN MEMORIA ES 0
, SU FLAG ES 1 y SU CANTIDAD SOLICITADO ES 0
[INFO] 01:36:22:902 memoria/(17069:17071): NUMERO DE PAG 9, SU KEY ES 123 y su INDICE EN MEMORIA ES 1
, SU FLAG ES 1 y SU CANTIDAD SOLICITADO ES 0
[INFO] 01:36:22:902 memoria/(17069:17071): NUMERO DE PAG 10, SU KEY ES 124 y su INDICE EN MEMORIA ES 3
, SU FLAG ES 1 y SU CANTIDAD SOLICITADO ES 0
[INFO] 01:36:22:903 memoria/(17069:17071): NUMERO DE PAG 11, SU KEY ES 125 y su INDICE EN MEMORIA ES 4
, SU FLAG ES 1 y SU CANTIDAD SOLICITADO ES 0
[INFO] 01:36:22:903 memoria/(17069:17071): NUMERO DE PAG 12, SU KEY ES 55 y su INDICE EN MEMORIA ES 2
, SU FLAG ES 1 y SU CANTIDAD SOLICITADO ES 0
[INFO] 01:36:22:903 memoria/(17069:17071): Se guardo correctamente
[INFO] 01:36:22:903 memoria/(17069:17071): NOMBRE DE TABLA: 'POSTRES'

[INFO] 01:36:22:903 memoria/(17069:17071): NUMERO DE PAG 5, SU KEY ES 999 y su INDICE EN MEMORIA ES 0
, SU FLAG ES 1 y SU CANTIDAD SOLICITADO ES 0
[INFO] 01:36:22:903 memoria/(17069:17071): NUMERO DE PAG 9, SU KEY ES 123 y su INDICE EN MEMORIA ES 1
, SU FLAG ES 1 y SU CANTIDAD SOLICITADO ES 0
[INFO] 01:36:22:903 memoria/(17069:17071): NUMERO DE PAG 10, SU KEY ES 124 y su INDICE EN MEMORIA ES 3
, SU FLAG ES 1 y SU CANTIDAD SOLICITADO ES 0
[INFO] 01:36:22:903 memoria/(17069:17071): NUMERO DE PAG 11, SU KEY ES 125 y su INDICE EN MEMORIA ES 4
, SU FLAG ES 1 y SU CANTIDAD SOLICITADO ES 0
[INFO] 01:36:22:903 memoria/(17069:17071): NUMERO DE PAG 12, SU KEY ES 55 y su INDICE EN MEMORIA ES 2
, SU FLAG ES 1 y SU CANTIDAD SOLICITADO ES 0
[INFO] 01:36:25:523 memoria/(17069:17109): No tengo que conectarme a ninguna memoria
[INFO] 01:36:34:428 memoria/(17069:17071): Esta en la tabla de SEGMENTOS
[INFO] 01:36:34:428 memoria/(17069:17071): No esta en la tabla de PAGINAS
[INFO] 01:36:34:428 memoria/(17069:17071): Tengo que realizar JOURNAL

[INFO] 01:36:34:428 memoria/(17069:17071): FULL
[INFO] 01:36:34:429 memoria/(17069:17071): NOMBRE DE TABLA: 'POSTRES'

[INFO] 01:36:34:429 memoria/(17069:17071): NUMERO DE PAG 5, SU KEY ES 999 y su INDICE EN MEMORIA ES 0
, SU FLAG ES 1 y SU CANTIDAD SOLICITADO ES 0
[INFO] 01:36:34:429 memoria/(17069:17071): NUMERO DE PAG 9, SU KEY ES 123 y su INDICE EN MEMORIA ES 1
, SU FLAG ES 1 y SU CANTIDAD SOLICITADO ES 0
[INFO] 01:36:34:429 memoria/(17069:17071): NUMERO DE PAG 10, SU KEY ES 124 y su INDICE EN MEMORIA ES 3
, SU FLAG ES 1 y SU CANTIDAD SOLICITADO ES 0
[INFO] 01:36:34:429 memoria/(17069:17071): NUMERO DE PAG 11, SU KEY ES 125 y su INDICE EN MEMORIA ES 4
, SU FLAG ES 1 y SU CANTIDAD SOLICITADO ES 0
[INFO] 01:36:34:429 memoria/(17069:17071): NUMERO DE PAG 12, SU KEY ES 55 y su INDICE EN MEMORIA ES 2
, SU FLAG ES 1 y SU CANTIDAD SOLICITADO ES 0
[INFO] 01:36:35:631 memoria/(17069:17115): No tengo que conectarme a ninguna memoria
